e:\switch\program\planewarii\debug\vc142.pdb
e:\switch\program\planewarii\debug\vc142.idb
e:\switch\program\planewarii\debug\tool.obj
e:\switch\program\planewarii\debug\prop.obj
e:\switch\program\planewarii\debug\player_plane.obj
e:\switch\program\planewarii\debug\plane.obj
e:\switch\program\planewarii\debug\main.obj
e:\switch\program\planewarii\debug\game.obj
e:\switch\program\planewarii\debug\enemy_plane.obj
e:\switch\program\planewarii\debug\drawer.obj
e:\switch\program\planewarii\debug\controller.obj
e:\switch\program\planewarii\debug\bullet.obj
e:\switch\program\planewarii\debug\planewarii.ilk
e:\switch\program\planewarii\debug\planewarii.exe
e:\switch\program\planewarii\debug\planewarii.pdb
e:\switch\program\planewarii\debug\planewarii.tlog\cl.command.1.tlog
e:\switch\program\planewarii\debug\planewarii.tlog\cl.read.1.tlog
e:\switch\program\planewarii\debug\planewarii.tlog\cl.write.1.tlog
e:\switch\program\planewarii\debug\planewarii.tlog\link.command.1.tlog
e:\switch\program\planewarii\debug\planewarii.tlog\link.read.1.tlog
e:\switch\program\planewarii\debug\planewarii.tlog\link.write.1.tlog
